2018-03-09 20:46:06,587:INFO: Loading the datasets...
2018-03-09 20:46:10,074:INFO: - done.
2018-03-09 20:46:10,078:INFO: Starting training for 30 epoch(s)
2018-03-09 20:51:27,485:INFO: Loading the datasets...
2018-03-09 20:51:30,918:INFO: - done.
2018-03-09 20:51:30,922:INFO: Starting training for 30 epoch(s)
2018-03-09 20:54:20,870:INFO: Loading the datasets...
2018-03-09 20:54:24,364:INFO: - done.
2018-03-09 20:54:24,368:INFO: Starting training for 30 epoch(s)
2018-03-09 20:54:24,368:INFO: Epoch 1/30
2024-02-15 15:25:27,398:INFO: Loading the datasets...
2024-02-15 15:25:53,526:INFO: - done.
2024-02-15 15:25:53,701:INFO: Starting training for 30 epoch(s)
2024-02-15 15:25:53,701:INFO: Epoch 1/30
2024-02-15 15:26:50,201:INFO: Loading the datasets...
2024-02-15 15:26:52,391:INFO: - done.
2024-02-15 15:26:52,566:INFO: Starting training for 30 epoch(s)
2024-02-15 15:26:52,567:INFO: Epoch 1/30
2024-02-15 15:31:25,331:INFO: Loading the datasets...
2024-02-15 15:31:27,667:INFO: - done.
2024-02-15 15:31:27,857:INFO: Starting training for 30 epoch(s)
2024-02-15 15:31:27,858:INFO: Epoch 1/30
2024-02-15 15:31:30,940:INFO: - Train metrics: accuracy: 0.465 ; loss: 1.497
2024-02-15 15:31:31,524:INFO: - Eval metrics : accuracy: 0.670 ; loss: 0.948
2024-02-15 15:31:31,531:INFO: - Found new best accuracy
2024-02-15 15:31:31,532:INFO: Epoch 2/30
2024-02-15 15:31:34,089:INFO: - Train metrics: accuracy: 0.668 ; loss: 0.944
2024-02-15 15:31:34,625:INFO: - Eval metrics : accuracy: 0.717 ; loss: 0.804
2024-02-15 15:31:34,636:INFO: - Found new best accuracy
2024-02-15 15:31:34,637:INFO: Epoch 3/30
2024-02-15 15:31:37,270:INFO: - Train metrics: accuracy: 0.734 ; loss: 0.785
2024-02-15 15:31:37,904:INFO: - Eval metrics : accuracy: 0.749 ; loss: 0.725
2024-02-15 15:31:37,929:INFO: - Found new best accuracy
2024-02-15 15:31:37,930:INFO: Epoch 4/30
2024-02-15 15:31:40,794:INFO: - Train metrics: accuracy: 0.799 ; loss: 0.595
2024-02-15 15:31:41,421:INFO: - Eval metrics : accuracy: 0.740 ; loss: 0.735
2024-02-15 15:31:41,431:INFO: Epoch 5/30
2024-02-15 15:31:44,072:INFO: - Train metrics: accuracy: 0.779 ; loss: 0.605
2024-02-15 15:31:44,622:INFO: - Eval metrics : accuracy: 0.759 ; loss: 0.707
2024-02-15 15:31:44,633:INFO: - Found new best accuracy
2024-02-15 15:31:44,634:INFO: Epoch 6/30
2024-02-15 15:31:47,223:INFO: - Train metrics: accuracy: 0.803 ; loss: 0.625
2024-02-15 15:31:47,762:INFO: - Eval metrics : accuracy: 0.754 ; loss: 0.737
2024-02-15 15:31:47,780:INFO: Epoch 7/30
2024-02-15 15:31:50,372:INFO: - Train metrics: accuracy: 0.824 ; loss: 0.502
2024-02-15 15:31:50,913:INFO: - Eval metrics : accuracy: 0.782 ; loss: 0.649
2024-02-15 15:31:50,925:INFO: - Found new best accuracy
2024-02-15 15:31:50,925:INFO: Epoch 8/30
2024-02-15 15:31:53,502:INFO: - Train metrics: accuracy: 0.859 ; loss: 0.424
2024-02-15 15:31:54,039:INFO: - Eval metrics : accuracy: 0.777 ; loss: 0.683
2024-02-15 15:31:54,046:INFO: Epoch 9/30
2024-02-15 15:31:56,636:INFO: - Train metrics: accuracy: 0.836 ; loss: 0.455
2024-02-15 15:31:57,171:INFO: - Eval metrics : accuracy: 0.759 ; loss: 0.732
2024-02-15 15:31:57,179:INFO: Epoch 10/30
2024-02-15 15:31:59,736:INFO: - Train metrics: accuracy: 0.879 ; loss: 0.322
2024-02-15 15:32:00,275:INFO: - Eval metrics : accuracy: 0.775 ; loss: 0.724
2024-02-15 15:32:00,281:INFO: Epoch 11/30
2024-02-15 15:32:02,834:INFO: - Train metrics: accuracy: 0.887 ; loss: 0.336
2024-02-15 15:32:03,381:INFO: - Eval metrics : accuracy: 0.778 ; loss: 0.713
2024-02-15 15:32:03,389:INFO: Epoch 12/30
2024-02-15 15:32:06,164:INFO: - Train metrics: accuracy: 0.881 ; loss: 0.323
2024-02-15 15:32:06,773:INFO: - Eval metrics : accuracy: 0.784 ; loss: 0.714
2024-02-15 15:32:06,796:INFO: - Found new best accuracy
2024-02-15 15:32:06,797:INFO: Epoch 13/30
2024-02-15 15:32:09,426:INFO: - Train metrics: accuracy: 0.922 ; loss: 0.230
2024-02-15 15:32:09,995:INFO: - Eval metrics : accuracy: 0.783 ; loss: 0.721
2024-02-15 15:32:10,003:INFO: Epoch 14/30
2024-02-15 15:32:12,596:INFO: - Train metrics: accuracy: 0.916 ; loss: 0.239
2024-02-15 15:32:13,221:INFO: - Eval metrics : accuracy: 0.781 ; loss: 0.753
2024-02-15 15:32:13,228:INFO: Epoch 15/30
2024-02-15 15:32:15,895:INFO: - Train metrics: accuracy: 0.930 ; loss: 0.192
2024-02-15 15:32:16,451:INFO: - Eval metrics : accuracy: 0.775 ; loss: 0.811
2024-02-15 15:32:16,469:INFO: Epoch 16/30
2024-02-15 15:32:19,183:INFO: - Train metrics: accuracy: 0.934 ; loss: 0.199
2024-02-15 15:32:19,753:INFO: - Eval metrics : accuracy: 0.777 ; loss: 0.811
2024-02-15 15:32:19,771:INFO: Epoch 17/30
2024-02-15 15:32:22,437:INFO: - Train metrics: accuracy: 0.934 ; loss: 0.177
2024-02-15 15:32:22,970:INFO: - Eval metrics : accuracy: 0.789 ; loss: 0.796
2024-02-15 15:32:22,981:INFO: - Found new best accuracy
2024-02-15 15:32:22,981:INFO: Epoch 18/30
2024-02-15 15:32:25,528:INFO: - Train metrics: accuracy: 0.945 ; loss: 0.166
2024-02-15 15:32:26,047:INFO: - Eval metrics : accuracy: 0.784 ; loss: 0.830
2024-02-15 15:32:26,053:INFO: Epoch 19/30
2024-02-15 15:32:28,609:INFO: - Train metrics: accuracy: 0.934 ; loss: 0.184
2024-02-15 15:32:29,139:INFO: - Eval metrics : accuracy: 0.783 ; loss: 0.853
2024-02-15 15:32:29,148:INFO: Epoch 20/30
2024-02-15 15:32:31,747:INFO: - Train metrics: accuracy: 0.936 ; loss: 0.149
2024-02-15 15:32:32,299:INFO: - Eval metrics : accuracy: 0.776 ; loss: 0.906
2024-02-15 15:32:32,320:INFO: Epoch 21/30
2024-02-15 15:32:34,905:INFO: - Train metrics: accuracy: 0.945 ; loss: 0.147
2024-02-15 15:32:35,423:INFO: - Eval metrics : accuracy: 0.780 ; loss: 0.889
2024-02-15 15:32:35,431:INFO: Epoch 22/30
2024-02-15 15:32:38,012:INFO: - Train metrics: accuracy: 0.961 ; loss: 0.115
2024-02-15 15:32:38,536:INFO: - Eval metrics : accuracy: 0.787 ; loss: 0.907
2024-02-15 15:32:38,543:INFO: Epoch 23/30
2024-02-15 15:32:41,099:INFO: - Train metrics: accuracy: 0.938 ; loss: 0.170
2024-02-15 15:32:41,620:INFO: - Eval metrics : accuracy: 0.779 ; loss: 0.936
2024-02-15 15:32:41,629:INFO: Epoch 24/30
2024-02-15 15:32:44,227:INFO: - Train metrics: accuracy: 0.943 ; loss: 0.161
2024-02-15 15:32:44,765:INFO: - Eval metrics : accuracy: 0.790 ; loss: 0.889
2024-02-15 15:32:44,779:INFO: - Found new best accuracy
2024-02-15 15:32:44,780:INFO: Epoch 25/30
2024-02-15 15:32:47,370:INFO: - Train metrics: accuracy: 0.945 ; loss: 0.145
2024-02-15 15:32:47,909:INFO: - Eval metrics : accuracy: 0.773 ; loss: 1.015
2024-02-15 15:32:47,930:INFO: Epoch 26/30
2024-02-15 15:32:50,515:INFO: - Train metrics: accuracy: 0.961 ; loss: 0.113
2024-02-15 15:32:51,051:INFO: - Eval metrics : accuracy: 0.775 ; loss: 1.027
2024-02-15 15:32:51,058:INFO: Epoch 27/30
2024-02-15 15:32:53,607:INFO: - Train metrics: accuracy: 0.957 ; loss: 0.115
2024-02-15 15:32:54,119:INFO: - Eval metrics : accuracy: 0.783 ; loss: 0.993
2024-02-15 15:32:54,127:INFO: Epoch 28/30
2024-02-15 15:32:56,670:INFO: - Train metrics: accuracy: 0.980 ; loss: 0.083
2024-02-15 15:32:57,235:INFO: - Eval metrics : accuracy: 0.772 ; loss: 1.066
2024-02-15 15:32:57,243:INFO: Epoch 29/30
2024-02-15 15:32:59,836:INFO: - Train metrics: accuracy: 0.953 ; loss: 0.120
2024-02-15 15:33:00,374:INFO: - Eval metrics : accuracy: 0.785 ; loss: 0.983
2024-02-15 15:33:00,381:INFO: Epoch 30/30
2024-02-15 15:33:02,936:INFO: - Train metrics: accuracy: 0.971 ; loss: 0.088
2024-02-15 15:33:03,464:INFO: - Eval metrics : accuracy: 0.777 ; loss: 1.078
